<?xml version="1.0" encoding="UTF-8"?>
<testsuite name="ru.stqa.pft.sandbox.PrimeTests" tests="2" skipped="0" failures="0" errors="0" timestamp="2020-01-08T11:02:31" hostname="DESKTOP-B85ICVG" time="5.868">
  <properties/>
  <testcase name="testNonPrime" classname="ru.stqa.pft.sandbox.PrimeTests" time="0.006"/>
  <testcase name="testPrime" classname="ru.stqa.pft.sandbox.PrimeTests" time="5.858"/>
  <system-out><![CDATA[]]></system-out>
  <system-err><![CDATA[]]></system-err>
</testsuite>
