<?xml version="1.0" encoding="UTF-8"?>
<testsuite name="ru.stqa.pft.addressbook.tests.ContactInfoTest" tests="1" skipped="0" failures="0" errors="0" timestamp="2020-01-25T16:26:31" hostname="DESKTOP-B85ICVG" time="0.874">
  <properties/>
  <testcase name="testContactInfo" classname="ru.stqa.pft.addressbook.tests.ContactInfoTest" time="0.874"/>
  <system-out><![CDATA[]]></system-out>
  <system-err><![CDATA[]]></system-err>
</testsuite>
