<?xml version="1.0" encoding="UTF-8"?>
<testsuite name="ru.stqa.pft.addressbook.tests.ContactAddressTests" tests="1" skipped="0" failures="0" errors="0" timestamp="2020-01-19T18:49:17" hostname="DESKTOP-B85ICVG" time="0.749">
  <properties/>
  <testcase name="testContactAddresses" classname="ru.stqa.pft.addressbook.tests.ContactAddressTests" time="0.749"/>
  <system-out><![CDATA[]]></system-out>
  <system-err><![CDATA[]]></system-err>
</testsuite>
