<?xml version="1.0" encoding="UTF-8"?>
<testsuite name="ru.stqa.pft.addressbook.tests.ContactCreationTest" tests="1" skipped="0" failures="0" errors="0" timestamp="2020-01-19T12:10:21" hostname="DESKTOP-B85ICVG" time="0.001">
  <properties/>
  <testcase name="testCurrentDir" classname="ru.stqa.pft.addressbook.tests.ContactCreationTest" time="0.001"/>
  <system-out><![CDATA[C:\Tests\java_pft\addressbook-web-tests\.
C:\Tests\java_pft\addressbook-web-tests\src\test\resources\IMG_3708.JPG
true
]]></system-out>
  <system-err><![CDATA[]]></system-err>
</testsuite>
