<?xml version="1.0" encoding="UTF-8"?>
<testsuite name="ru.stqa.pft.addressbook.tests.ContactModificationTests" tests="1" skipped="0" failures="0" errors="0" timestamp="2020-01-18T18:13:51" hostname="DESKTOP-B85ICVG" time="31.772">
  <properties/>
  <testcase name="testContactModification" classname="ru.stqa.pft.addressbook.tests.ContactModificationTests" time="31.772"/>
  <system-out><![CDATA[[ContactData{firstname='tester', lastname='testerov', id=26}, ContactData{firstname='tester', lastname='testerov', id=27}, ContactData{firstname='Test', lastname='Tester', id=20}]
[ContactData{firstname='tester', lastname='testerov', id=26}, ContactData{firstname='tester', lastname='testerov', id=27}, ContactData{firstname='Test', lastname='Tester', id=20}]
]]></system-out>
  <system-err><![CDATA[]]></system-err>
</testsuite>
